<?xml version="1.0" encoding="UTF-8"?>
<robot generator="Robot 7.3.2 (Python 3.13.7 on win32)" generated="2025-08-21T12:09:02.122830" rpa="false" schemaversion="5">
<suite id="s1" name="Product Page Tests" source="D:\ROBOT\product\product_page_tests.robot">
<kw name="Login To SauceDemo" type="SETUP">
<kw name="Open Browser" owner="SeleniumLibrary">
<msg time="2025-08-21T12:09:02.508563" level="INFO">Opening browser 'chrome' to base url 'https://www.saucedemo.com/'.</msg>
<arg>${BASE_URL}</arg>
<arg>chrome</arg>
<doc>Opens a new browser instance to the optional ``url``.</doc>
<status status="PASS" start="2025-08-21T12:09:02.508258" elapsed="1.871359"/>
</kw>
<kw name="Wait Until Page Contains Element" owner="SeleniumLibrary">
<arg>${USER_INPUT}</arg>
<arg>10s</arg>
<doc>Waits until the element ``locator`` appears on the current page.</doc>
<status status="PASS" start="2025-08-21T12:09:04.379839" elapsed="0.015388"/>
</kw>
<kw name="Input Text" owner="SeleniumLibrary">
<msg time="2025-08-21T12:09:04.395999" level="INFO">Typing text 'standard_user' into text field 'id=user-name'.</msg>
<arg>${USER_INPUT}</arg>
<arg>${USERNAME}</arg>
<doc>Types the given ``text`` into the text field identified by ``locator``.</doc>
<status status="PASS" start="2025-08-21T12:09:04.395577" elapsed="0.137603"/>
</kw>
<kw name="Input Text" owner="SeleniumLibrary">
<msg time="2025-08-21T12:09:04.533584" level="INFO">Typing text 'secret_sauce' into text field 'id=password'.</msg>
<arg>${PASS_INPUT}</arg>
<arg>${PASSWORD}</arg>
<doc>Types the given ``text`` into the text field identified by ``locator``.</doc>
<status status="PASS" start="2025-08-21T12:09:04.533346" elapsed="0.093968"/>
</kw>
<kw name="Click Button" owner="SeleniumLibrary">
<msg time="2025-08-21T12:09:04.627759" level="INFO">Clicking button 'id=login-button'.</msg>
<arg>${LOGIN_BTN}</arg>
<doc>Clicks the button identified by ``locator``.</doc>
<status status="PASS" start="2025-08-21T12:09:04.627483" elapsed="0.128995"/>
</kw>
<kw name="Wait Until Location Contains" owner="SeleniumLibrary">
<arg>/inventory.html</arg>
<arg>10s</arg>
<doc>Waits until the current URL contains ``expected``.</doc>
<status status="PASS" start="2025-08-21T12:09:04.756646" elapsed="0.007082"/>
</kw>
<status status="PASS" start="2025-08-21T12:09:02.507691" elapsed="2.256157"/>
</kw>
<test id="s1-t1" name="TC-007 Add And Remove Items" line="24">
<kw name="Go To" owner="SeleniumLibrary">
<msg time="2025-08-21T12:09:04.764699" level="INFO">Opening url 'https://www.saucedemo.com/inventory.html'</msg>
<arg>${BASE_URL}inventory.html</arg>
<doc>Navigates the current browser window to the provided ``url``.</doc>
<status status="PASS" start="2025-08-21T12:09:04.764494" elapsed="0.055974"/>
</kw>
<kw name="Wait Until Page Contains Element" owner="SeleniumLibrary">
<arg>${BTN_ADD}</arg>
<arg>10s</arg>
<doc>Waits until the element ``locator`` appears on the current page.</doc>
<status status="PASS" start="2025-08-21T12:09:04.820953" elapsed="0.305630"/>
</kw>
<kw name="Click Elements">
<kw name="Get WebElements" owner="SeleniumLibrary">
<msg time="2025-08-21T12:09:05.134773" level="INFO">${els} = [&lt;selenium.webdriver.remote.webelement.WebElement (session="543e57e195d6a85562f0be1fc68c49af", element="f.AA1C22C4AAFA2B9921059EE1403442F3.d.B6E2920E29713AF232B93E35B24EF947.e.39")&gt;, &lt;selenium.webdriv...</msg>
<var>${els}</var>
<arg>${locator}</arg>
<doc>Returns a list of WebElement objects matching the ``locator``.</doc>
<status status="PASS" start="2025-08-21T12:09:05.127420" elapsed="0.007401"/>
</kw>
<for flavor="IN">
<iter>
<kw name="Scroll Element Into View" owner="SeleniumLibrary">
<arg>${el}</arg>
<doc>Scrolls the element identified by ``locator`` into view.</doc>
<status status="PASS" start="2025-08-21T12:09:05.135237" elapsed="0.271361"/>
</kw>
<kw name="Click Element" owner="SeleniumLibrary">
<msg time="2025-08-21T12:09:05.407108" level="INFO">Clicking element '&lt;selenium.webdriver.remote.webelement.WebElement (session="543e57e195d6a85562f0be1fc68c49af", element="f.AA1C22C4AAFA2B9921059EE1403442F3.d.B6E2920E29713AF232B93E35B24EF947.e.39")&gt;'.</msg>
<arg>${el}</arg>
<doc>Click the element identified by ``locator``.</doc>
<status status="PASS" start="2025-08-21T12:09:05.406855" elapsed="0.062321"/>
</kw>
<var name="${el}">&lt;selenium.webdriver.remote.webelement.WebElement (session="543e57e195d6a85562f0be1fc68c49af", element="f.AA1C22C4AAFA2B9921059EE1403442F3.d.B6E2920E29713AF232B93E35B24EF947.e.39")&gt;</var>
<status status="PASS" start="2025-08-21T12:09:05.135124" elapsed="0.334178"/>
</iter>
<iter>
<kw name="Scroll Element Into View" owner="SeleniumLibrary">
<arg>${el}</arg>
<doc>Scrolls the element identified by ``locator`` into view.</doc>
<status status="PASS" start="2025-08-21T12:09:05.469624" elapsed="0.282340"/>
</kw>
<kw name="Click Element" owner="SeleniumLibrary">
<msg time="2025-08-21T12:09:05.752351" level="INFO">Clicking element '&lt;selenium.webdriver.remote.webelement.WebElement (session="543e57e195d6a85562f0be1fc68c49af", element="f.AA1C22C4AAFA2B9921059EE1403442F3.d.B6E2920E29713AF232B93E35B24EF947.e.40")&gt;'.</msg>
<arg>${el}</arg>
<doc>Click the element identified by ``locator``.</doc>
<status status="PASS" start="2025-08-21T12:09:05.752160" elapsed="0.045311"/>
</kw>
<var name="${el}">&lt;selenium.webdriver.remote.webelement.WebElement (session="543e57e195d6a85562f0be1fc68c49af", element="f.AA1C22C4AAFA2B9921059EE1403442F3.d.B6E2920E29713AF232B93E35B24EF947.e.40")&gt;</var>
<status status="PASS" start="2025-08-21T12:09:05.469498" elapsed="0.328095"/>
</iter>
<iter>
<kw name="Scroll Element Into View" owner="SeleniumLibrary">
<arg>${el}</arg>
<doc>Scrolls the element identified by ``locator`` into view.</doc>
<status status="PASS" start="2025-08-21T12:09:05.797907" elapsed="0.281234"/>
</kw>
<kw name="Click Element" owner="SeleniumLibrary">
<msg time="2025-08-21T12:09:06.080379" level="INFO">Clicking element '&lt;selenium.webdriver.remote.webelement.WebElement (session="543e57e195d6a85562f0be1fc68c49af", element="f.AA1C22C4AAFA2B9921059EE1403442F3.d.B6E2920E29713AF232B93E35B24EF947.e.41")&gt;'.</msg>
<arg>${el}</arg>
<doc>Click the element identified by ``locator``.</doc>
<status status="PASS" start="2025-08-21T12:09:06.079679" elapsed="0.080326"/>
</kw>
<var name="${el}">&lt;selenium.webdriver.remote.webelement.WebElement (session="543e57e195d6a85562f0be1fc68c49af", element="f.AA1C22C4AAFA2B9921059EE1403442F3.d.B6E2920E29713AF232B93E35B24EF947.e.41")&gt;</var>
<status status="PASS" start="2025-08-21T12:09:05.797775" elapsed="0.362346"/>
</iter>
<iter>
<kw name="Scroll Element Into View" owner="SeleniumLibrary">
<arg>${el}</arg>
<doc>Scrolls the element identified by ``locator`` into view.</doc>
<status status="PASS" start="2025-08-21T12:09:06.160430" elapsed="0.278744"/>
</kw>
<kw name="Click Element" owner="SeleniumLibrary">
<msg time="2025-08-21T12:09:06.440516" level="INFO">Clicking element '&lt;selenium.webdriver.remote.webelement.WebElement (session="543e57e195d6a85562f0be1fc68c49af", element="f.AA1C22C4AAFA2B9921059EE1403442F3.d.B6E2920E29713AF232B93E35B24EF947.e.42")&gt;'.</msg>
<arg>${el}</arg>
<doc>Click the element identified by ``locator``.</doc>
<status status="PASS" start="2025-08-21T12:09:06.439732" elapsed="0.051164"/>
</kw>
<var name="${el}">&lt;selenium.webdriver.remote.webelement.WebElement (session="543e57e195d6a85562f0be1fc68c49af", element="f.AA1C22C4AAFA2B9921059EE1403442F3.d.B6E2920E29713AF232B93E35B24EF947.e.42")&gt;</var>
<status status="PASS" start="2025-08-21T12:09:06.160302" elapsed="0.330672"/>
</iter>
<iter>
<kw name="Scroll Element Into View" owner="SeleniumLibrary">
<arg>${el}</arg>
<doc>Scrolls the element identified by ``locator`` into view.</doc>
<status status="PASS" start="2025-08-21T12:09:06.491217" elapsed="0.272326"/>
</kw>
<kw name="Click Element" owner="SeleniumLibrary">
<msg time="2025-08-21T12:09:06.764021" level="INFO">Clicking element '&lt;selenium.webdriver.remote.webelement.WebElement (session="543e57e195d6a85562f0be1fc68c49af", element="f.AA1C22C4AAFA2B9921059EE1403442F3.d.B6E2920E29713AF232B93E35B24EF947.e.43")&gt;'.</msg>
<arg>${el}</arg>
<doc>Click the element identified by ``locator``.</doc>
<status status="PASS" start="2025-08-21T12:09:06.763728" elapsed="0.043194"/>
</kw>
<var name="${el}">&lt;selenium.webdriver.remote.webelement.WebElement (session="543e57e195d6a85562f0be1fc68c49af", element="f.AA1C22C4AAFA2B9921059EE1403442F3.d.B6E2920E29713AF232B93E35B24EF947.e.43")&gt;</var>
<status status="PASS" start="2025-08-21T12:09:06.491111" elapsed="0.315894"/>
</iter>
<iter>
<kw name="Scroll Element Into View" owner="SeleniumLibrary">
<arg>${el}</arg>
<doc>Scrolls the element identified by ``locator`` into view.</doc>
<status status="PASS" start="2025-08-21T12:09:06.807251" elapsed="0.284689"/>
</kw>
<kw name="Click Element" owner="SeleniumLibrary">
<msg time="2025-08-21T12:09:07.092432" level="INFO">Clicking element '&lt;selenium.webdriver.remote.webelement.WebElement (session="543e57e195d6a85562f0be1fc68c49af", element="f.AA1C22C4AAFA2B9921059EE1403442F3.d.B6E2920E29713AF232B93E35B24EF947.e.44")&gt;'.</msg>
<arg>${el}</arg>
<doc>Click the element identified by ``locator``.</doc>
<status status="PASS" start="2025-08-21T12:09:07.092164" elapsed="0.046553"/>
</kw>
<var name="${el}">&lt;selenium.webdriver.remote.webelement.WebElement (session="543e57e195d6a85562f0be1fc68c49af", element="f.AA1C22C4AAFA2B9921059EE1403442F3.d.B6E2920E29713AF232B93E35B24EF947.e.44")&gt;</var>
<status status="PASS" start="2025-08-21T12:09:06.807147" elapsed="0.331654"/>
</iter>
<var>${el}</var>
<value>@{els}</value>
<status status="PASS" start="2025-08-21T12:09:05.134919" elapsed="2.003943"/>
</for>
<arg>${BTN_ADD}</arg>
<status status="PASS" start="2025-08-21T12:09:05.127085" elapsed="2.011936"/>
</kw>
<kw name="Wait Until Page Contains Element" owner="SeleniumLibrary">
<arg>${BTN_REMOVE}</arg>
<arg>10s</arg>
<doc>Waits until the element ``locator`` appears on the current page.</doc>
<status status="PASS" start="2025-08-21T12:09:07.139374" elapsed="0.012686"/>
</kw>
<kw name="Click Elements">
<kw name="Get WebElements" owner="SeleniumLibrary">
<msg time="2025-08-21T12:09:07.162573" level="INFO">${els} = [&lt;selenium.webdriver.remote.webelement.WebElement (session="543e57e195d6a85562f0be1fc68c49af", element="f.AA1C22C4AAFA2B9921059EE1403442F3.d.B6E2920E29713AF232B93E35B24EF947.e.45")&gt;, &lt;selenium.webdriv...</msg>
<var>${els}</var>
<arg>${locator}</arg>
<doc>Returns a list of WebElement objects matching the ``locator``.</doc>
<status status="PASS" start="2025-08-21T12:09:07.152943" elapsed="0.009708"/>
</kw>
<for flavor="IN">
<iter>
<kw name="Scroll Element Into View" owner="SeleniumLibrary">
<arg>${el}</arg>
<doc>Scrolls the element identified by ``locator`` into view.</doc>
<status status="PASS" start="2025-08-21T12:09:07.163765" elapsed="0.270918"/>
</kw>
<kw name="Click Element" owner="SeleniumLibrary">
<msg time="2025-08-21T12:09:07.435254" level="INFO">Clicking element '&lt;selenium.webdriver.remote.webelement.WebElement (session="543e57e195d6a85562f0be1fc68c49af", element="f.AA1C22C4AAFA2B9921059EE1403442F3.d.B6E2920E29713AF232B93E35B24EF947.e.45")&gt;'.</msg>
<arg>${el}</arg>
<doc>Click the element identified by ``locator``.</doc>
<status status="PASS" start="2025-08-21T12:09:07.434923" elapsed="0.052047"/>
</kw>
<var name="${el}">&lt;selenium.webdriver.remote.webelement.WebElement (session="543e57e195d6a85562f0be1fc68c49af", element="f.AA1C22C4AAFA2B9921059EE1403442F3.d.B6E2920E29713AF232B93E35B24EF947.e.45")&gt;</var>
<status status="PASS" start="2025-08-21T12:09:07.163489" elapsed="0.323608"/>
</iter>
<iter>
<kw name="Scroll Element Into View" owner="SeleniumLibrary">
<arg>${el}</arg>
<doc>Scrolls the element identified by ``locator`` into view.</doc>
<status status="PASS" start="2025-08-21T12:09:07.487587" elapsed="0.289594"/>
</kw>
<kw name="Click Element" owner="SeleniumLibrary">
<msg time="2025-08-21T12:09:07.777614" level="INFO">Clicking element '&lt;selenium.webdriver.remote.webelement.WebElement (session="543e57e195d6a85562f0be1fc68c49af", element="f.AA1C22C4AAFA2B9921059EE1403442F3.d.B6E2920E29713AF232B93E35B24EF947.e.46")&gt;'.</msg>
<arg>${el}</arg>
<doc>Click the element identified by ``locator``.</doc>
<status status="PASS" start="2025-08-21T12:09:07.777358" elapsed="0.044636"/>
</kw>
<var name="${el}">&lt;selenium.webdriver.remote.webelement.WebElement (session="543e57e195d6a85562f0be1fc68c49af", element="f.AA1C22C4AAFA2B9921059EE1403442F3.d.B6E2920E29713AF232B93E35B24EF947.e.46")&gt;</var>
<status status="PASS" start="2025-08-21T12:09:07.487416" elapsed="0.334710"/>
</iter>
<iter>
<kw name="Scroll Element Into View" owner="SeleniumLibrary">
<arg>${el}</arg>
<doc>Scrolls the element identified by ``locator`` into view.</doc>
<status status="PASS" start="2025-08-21T12:09:07.822498" elapsed="0.265197"/>
</kw>
<kw name="Click Element" owner="SeleniumLibrary">
<msg time="2025-08-21T12:09:08.088373" level="INFO">Clicking element '&lt;selenium.webdriver.remote.webelement.WebElement (session="543e57e195d6a85562f0be1fc68c49af", element="f.AA1C22C4AAFA2B9921059EE1403442F3.d.B6E2920E29713AF232B93E35B24EF947.e.47")&gt;'.</msg>
<arg>${el}</arg>
<doc>Click the element identified by ``locator``.</doc>
<status status="PASS" start="2025-08-21T12:09:08.087988" elapsed="0.051729"/>
</kw>
<var name="${el}">&lt;selenium.webdriver.remote.webelement.WebElement (session="543e57e195d6a85562f0be1fc68c49af", element="f.AA1C22C4AAFA2B9921059EE1403442F3.d.B6E2920E29713AF232B93E35B24EF947.e.47")&gt;</var>
<status status="PASS" start="2025-08-21T12:09:07.822340" elapsed="0.317462"/>
</iter>
<iter>
<kw name="Scroll Element Into View" owner="SeleniumLibrary">
<arg>${el}</arg>
<doc>Scrolls the element identified by ``locator`` into view.</doc>
<status status="PASS" start="2025-08-21T12:09:08.140091" elapsed="0.276991"/>
</kw>
<kw name="Click Element" owner="SeleniumLibrary">
<msg time="2025-08-21T12:09:08.418327" level="INFO">Clicking element '&lt;selenium.webdriver.remote.webelement.WebElement (session="543e57e195d6a85562f0be1fc68c49af", element="f.AA1C22C4AAFA2B9921059EE1403442F3.d.B6E2920E29713AF232B93E35B24EF947.e.50")&gt;'.</msg>
<arg>${el}</arg>
<doc>Click the element identified by ``locator``.</doc>
<status status="PASS" start="2025-08-21T12:09:08.417632" elapsed="0.081395"/>
</kw>
<var name="${el}">&lt;selenium.webdriver.remote.webelement.WebElement (session="543e57e195d6a85562f0be1fc68c49af", element="f.AA1C22C4AAFA2B9921059EE1403442F3.d.B6E2920E29713AF232B93E35B24EF947.e.50")&gt;</var>
<status status="PASS" start="2025-08-21T12:09:08.139950" elapsed="0.359199"/>
</iter>
<iter>
<kw name="Scroll Element Into View" owner="SeleniumLibrary">
<arg>${el}</arg>
<doc>Scrolls the element identified by ``locator`` into view.</doc>
<status status="PASS" start="2025-08-21T12:09:08.499462" elapsed="0.273357"/>
</kw>
<kw name="Click Element" owner="SeleniumLibrary">
<msg time="2025-08-21T12:09:08.773726" level="INFO">Clicking element '&lt;selenium.webdriver.remote.webelement.WebElement (session="543e57e195d6a85562f0be1fc68c49af", element="f.AA1C22C4AAFA2B9921059EE1403442F3.d.B6E2920E29713AF232B93E35B24EF947.e.51")&gt;'.</msg>
<arg>${el}</arg>
<doc>Click the element identified by ``locator``.</doc>
<status status="PASS" start="2025-08-21T12:09:08.773235" elapsed="0.065237"/>
</kw>
<var name="${el}">&lt;selenium.webdriver.remote.webelement.WebElement (session="543e57e195d6a85562f0be1fc68c49af", element="f.AA1C22C4AAFA2B9921059EE1403442F3.d.B6E2920E29713AF232B93E35B24EF947.e.51")&gt;</var>
<status status="PASS" start="2025-08-21T12:09:08.499310" elapsed="0.339245"/>
</iter>
<iter>
<kw name="Scroll Element Into View" owner="SeleniumLibrary">
<arg>${el}</arg>
<doc>Scrolls the element identified by ``locator`` into view.</doc>
<status status="PASS" start="2025-08-21T12:09:08.838816" elapsed="0.276603"/>
</kw>
<kw name="Click Element" owner="SeleniumLibrary">
<msg time="2025-08-21T12:09:09.116309" level="INFO">Clicking element '&lt;selenium.webdriver.remote.webelement.WebElement (session="543e57e195d6a85562f0be1fc68c49af", element="f.AA1C22C4AAFA2B9921059EE1403442F3.d.B6E2920E29713AF232B93E35B24EF947.e.52")&gt;'.</msg>
<arg>${el}</arg>
<doc>Click the element identified by ``locator``.</doc>
<status status="PASS" start="2025-08-21T12:09:09.115813" elapsed="0.079239"/>
</kw>
<var name="${el}">&lt;selenium.webdriver.remote.webelement.WebElement (session="543e57e195d6a85562f0be1fc68c49af", element="f.AA1C22C4AAFA2B9921059EE1403442F3.d.B6E2920E29713AF232B93E35B24EF947.e.52")&gt;</var>
<status status="PASS" start="2025-08-21T12:09:08.838701" elapsed="0.356433"/>
</iter>
<var>${el}</var>
<value>@{els}</value>
<status status="PASS" start="2025-08-21T12:09:07.163008" elapsed="2.032202"/>
</for>
<arg>${BTN_REMOVE}</arg>
<status status="PASS" start="2025-08-21T12:09:07.152463" elapsed="2.042870"/>
</kw>
<kw name="Page Should Not Contain Element" owner="SeleniumLibrary">
<msg time="2025-08-21T12:09:09.203659" level="INFO">Current page does not contain element 'xpath=//button[normalize-space()='Remove']'.</msg>
<arg>${BTN_REMOVE}</arg>
<doc>Verifies that element ``locator`` is not found on the current page.</doc>
<status status="PASS" start="2025-08-21T12:09:09.195939" elapsed="0.007807"/>
</kw>
<kw name="Capture Page Screenshot" owner="SeleniumLibrary" type="TEARDOWN">
<msg time="2025-08-21T12:09:09.294524" level="INFO" html="true">&lt;/td&gt;&lt;/tr&gt;&lt;tr&gt;&lt;td colspan="3"&gt;&lt;a href="selenium-screenshot-97.png"&gt;&lt;img src="selenium-screenshot-97.png" width="800px"&gt;&lt;/a&gt;</msg>
<doc>Takes a screenshot of the current page and embeds it into a log file.</doc>
<status status="PASS" start="2025-08-21T12:09:09.204262" elapsed="0.090404"/>
</kw>
<doc>Adding all available products to the cart and then removing them</doc>
<status status="PASS" start="2025-08-21T12:09:04.763932" elapsed="4.531038"/>
</test>
<test id="s1-t2" name="TC-008 Sort Items A To Z" line="33">
<kw name="Go To" owner="SeleniumLibrary">
<msg time="2025-08-21T12:09:09.296919" level="INFO">Opening url 'https://www.saucedemo.com/inventory.html'</msg>
<arg>${BASE_URL}inventory.html</arg>
<doc>Navigates the current browser window to the provided ``url``.</doc>
<status status="PASS" start="2025-08-21T12:09:09.296772" elapsed="0.054069"/>
</kw>
<kw name="Wait Until Page Contains Element" owner="SeleniumLibrary">
<arg>${FILTER_SELECT}</arg>
<arg>10s</arg>
<doc>Waits until the element ``locator`` appears on the current page.</doc>
<status status="PASS" start="2025-08-21T12:09:09.351216" elapsed="0.040813"/>
</kw>
<kw name="Select From List By Label" owner="SeleniumLibrary">
<msg time="2025-08-21T12:09:09.392847" level="INFO">Selecting options from selection list 'css:select.product_sort_container' by label Name (A to Z).</msg>
<arg>${FILTER_SELECT}</arg>
<arg>Name (A to Z)</arg>
<doc>Selects options from selection list ``locator`` by ``labels``.</doc>
<status status="PASS" start="2025-08-21T12:09:09.392497" elapsed="0.070903"/>
</kw>
<kw name="Page Should Contain" owner="SeleniumLibrary">
<msg time="2025-08-21T12:09:09.477550" level="INFO">Current page contains text 'Sauce Labs Backpack'.</msg>
<arg>Sauce Labs Backpack</arg>
<doc>Verifies that current page contains ``text``.</doc>
<status status="PASS" start="2025-08-21T12:09:09.463774" elapsed="0.013862"/>
</kw>
<kw name="Capture Page Screenshot" owner="SeleniumLibrary" type="TEARDOWN">
<msg time="2025-08-21T12:09:09.569450" level="INFO" html="true">&lt;/td&gt;&lt;/tr&gt;&lt;tr&gt;&lt;td colspan="3"&gt;&lt;a href="selenium-screenshot-98.png"&gt;&lt;img src="selenium-screenshot-98.png" width="800px"&gt;&lt;/a&gt;</msg>
<doc>Takes a screenshot of the current page and embeds it into a log file.</doc>
<status status="PASS" start="2025-08-21T12:09:09.478083" elapsed="0.091510"/>
</kw>
<doc>Verify sorting from A to Z</doc>
<status status="PASS" start="2025-08-21T12:09:09.296294" elapsed="0.273668"/>
</test>
<test id="s1-t3" name="TC-009 Sort Items Z To A" line="40">
<kw name="Go To" owner="SeleniumLibrary">
<msg time="2025-08-21T12:09:09.572009" level="INFO">Opening url 'https://www.saucedemo.com/inventory.html'</msg>
<arg>${BASE_URL}inventory.html</arg>
<doc>Navigates the current browser window to the provided ``url``.</doc>
<status status="PASS" start="2025-08-21T12:09:09.571859" elapsed="0.056090"/>
</kw>
<kw name="Wait Until Page Contains Element" owner="SeleniumLibrary">
<arg>${FILTER_SELECT}</arg>
<arg>10s</arg>
<doc>Waits until the element ``locator`` appears on the current page.</doc>
<status status="PASS" start="2025-08-21T12:09:09.628438" elapsed="0.038316"/>
</kw>
<kw name="Select From List By Label" owner="SeleniumLibrary">
<msg time="2025-08-21T12:09:09.667379" level="INFO">Selecting options from selection list 'css:select.product_sort_container' by label Name (Z to A).</msg>
<arg>${FILTER_SELECT}</arg>
<arg>Name (Z to A)</arg>
<doc>Selects options from selection list ``locator`` by ``labels``.</doc>
<status status="PASS" start="2025-08-21T12:09:09.667125" elapsed="0.098017"/>
</kw>
<kw name="Page Should Contain" owner="SeleniumLibrary">
<msg time="2025-08-21T12:09:09.781861" level="INFO">Current page contains text 'Test.allTheThings() T-Shirt (Red)'.</msg>
<arg>Test.allTheThings() T-Shirt (Red)</arg>
<doc>Verifies that current page contains ``text``.</doc>
<status status="PASS" start="2025-08-21T12:09:09.765502" elapsed="0.016446"/>
</kw>
<kw name="Capture Page Screenshot" owner="SeleniumLibrary" type="TEARDOWN">
<msg time="2025-08-21T12:09:09.869054" level="INFO" html="true">&lt;/td&gt;&lt;/tr&gt;&lt;tr&gt;&lt;td colspan="3"&gt;&lt;a href="selenium-screenshot-99.png"&gt;&lt;img src="selenium-screenshot-99.png" width="800px"&gt;&lt;/a&gt;</msg>
<doc>Takes a screenshot of the current page and embeds it into a log file.</doc>
<status status="PASS" start="2025-08-21T12:09:09.782383" elapsed="0.086795"/>
</kw>
<doc>Verify sorting from Z to A</doc>
<status status="PASS" start="2025-08-21T12:09:09.571326" elapsed="0.298244"/>
</test>
<test id="s1-t4" name="TC-010 Sort Items Low To High" line="47">
<kw name="Go To" owner="SeleniumLibrary">
<msg time="2025-08-21T12:09:09.871485" level="INFO">Opening url 'https://www.saucedemo.com/inventory.html'</msg>
<arg>${BASE_URL}inventory.html</arg>
<doc>Navigates the current browser window to the provided ``url``.</doc>
<status status="PASS" start="2025-08-21T12:09:09.871321" elapsed="0.107346"/>
</kw>
<kw name="Wait Until Page Contains Element" owner="SeleniumLibrary">
<arg>${FILTER_SELECT}</arg>
<arg>10s</arg>
<doc>Waits until the element ``locator`` appears on the current page.</doc>
<status status="PASS" start="2025-08-21T12:09:09.979116" elapsed="0.016391"/>
</kw>
<kw name="Select From List By Label" owner="SeleniumLibrary">
<msg time="2025-08-21T12:09:09.996243" level="INFO">Selecting options from selection list 'css:select.product_sort_container' by label Price (low to high).</msg>
<arg>${FILTER_SELECT}</arg>
<arg>Price (low to high)</arg>
<doc>Selects options from selection list ``locator`` by ``labels``.</doc>
<status status="PASS" start="2025-08-21T12:09:09.996006" elapsed="0.089166"/>
</kw>
<kw name="Page Should Contain" owner="SeleniumLibrary">
<msg time="2025-08-21T12:09:10.100416" level="INFO">Current page contains text '$7.99'.</msg>
<arg>$7.99</arg>
<doc>Verifies that current page contains ``text``.</doc>
<status status="PASS" start="2025-08-21T12:09:10.085647" elapsed="0.015002"/>
</kw>
<kw name="Capture Page Screenshot" owner="SeleniumLibrary" type="TEARDOWN">
<msg time="2025-08-21T12:09:10.179381" level="INFO" html="true">&lt;/td&gt;&lt;/tr&gt;&lt;tr&gt;&lt;td colspan="3"&gt;&lt;a href="selenium-screenshot-100.png"&gt;&lt;img src="selenium-screenshot-100.png" width="800px"&gt;&lt;/a&gt;</msg>
<doc>Takes a screenshot of the current page and embeds it into a log file.</doc>
<status status="PASS" start="2025-08-21T12:09:10.101104" elapsed="0.078465"/>
</kw>
<doc>Verify sorting price low to high</doc>
<status status="PASS" start="2025-08-21T12:09:09.870836" elapsed="0.309002"/>
</test>
<test id="s1-t5" name="TC-011 Sort Items High To Low" line="54">
<kw name="Go To" owner="SeleniumLibrary">
<msg time="2025-08-21T12:09:10.181661" level="INFO">Opening url 'https://www.saucedemo.com/inventory.html'</msg>
<arg>${BASE_URL}inventory.html</arg>
<doc>Navigates the current browser window to the provided ``url``.</doc>
<status status="PASS" start="2025-08-21T12:09:10.181516" elapsed="0.054852"/>
</kw>
<kw name="Wait Until Page Contains Element" owner="SeleniumLibrary">
<arg>${FILTER_SELECT}</arg>
<arg>10s</arg>
<doc>Waits until the element ``locator`` appears on the current page.</doc>
<status status="PASS" start="2025-08-21T12:09:10.236791" elapsed="0.038169"/>
</kw>
<kw name="Select From List By Label" owner="SeleniumLibrary">
<msg time="2025-08-21T12:09:10.275959" level="INFO">Selecting options from selection list 'css:select.product_sort_container' by label Price (high to low).</msg>
<arg>${FILTER_SELECT}</arg>
<arg>Price (high to low)</arg>
<doc>Selects options from selection list ``locator`` by ``labels``.</doc>
<status status="PASS" start="2025-08-21T12:09:10.275566" elapsed="0.086850"/>
</kw>
<kw name="Page Should Contain" owner="SeleniumLibrary">
<msg time="2025-08-21T12:09:10.376878" level="INFO">Current page contains text '$49.99'.</msg>
<arg>$49.99</arg>
<doc>Verifies that current page contains ``text``.</doc>
<status status="PASS" start="2025-08-21T12:09:10.362778" elapsed="0.014190"/>
</kw>
<kw name="Capture Page Screenshot" owner="SeleniumLibrary" type="TEARDOWN">
<msg time="2025-08-21T12:09:10.453848" level="INFO" html="true">&lt;/td&gt;&lt;/tr&gt;&lt;tr&gt;&lt;td colspan="3"&gt;&lt;a href="selenium-screenshot-101.png"&gt;&lt;img src="selenium-screenshot-101.png" width="800px"&gt;&lt;/a&gt;</msg>
<doc>Takes a screenshot of the current page and embeds it into a log file.</doc>
<status status="PASS" start="2025-08-21T12:09:10.377414" elapsed="0.076582"/>
</kw>
<doc>Verify sorting price high to low</doc>
<status status="PASS" start="2025-08-21T12:09:10.181046" elapsed="0.273258"/>
</test>
<test id="s1-t6" name="TC-012 Cart Icon Navigation" line="61">
<kw name="Go To" owner="SeleniumLibrary">
<msg time="2025-08-21T12:09:10.456741" level="INFO">Opening url 'https://www.saucedemo.com/inventory.html'</msg>
<arg>${BASE_URL}inventory.html</arg>
<doc>Navigates the current browser window to the provided ``url``.</doc>
<status status="PASS" start="2025-08-21T12:09:10.456503" elapsed="0.051340"/>
</kw>
<kw name="Wait Until Page Contains Element" owner="SeleniumLibrary">
<arg>${CART_ICON}</arg>
<arg>10s</arg>
<doc>Waits until the element ``locator`` appears on the current page.</doc>
<status status="PASS" start="2025-08-21T12:09:10.508495" elapsed="0.039032"/>
</kw>
<kw name="Click Element" owner="SeleniumLibrary">
<msg time="2025-08-21T12:09:10.548114" level="INFO">Clicking element 'css:a.shopping_cart_link'.</msg>
<arg>${CART_ICON}</arg>
<doc>Click the element identified by ``locator``.</doc>
<status status="PASS" start="2025-08-21T12:09:10.547894" elapsed="0.081357"/>
</kw>
<kw name="Location Should Contain" owner="SeleniumLibrary">
<msg time="2025-08-21T12:09:10.635797" level="INFO">Current location contains '/cart.html'.</msg>
<arg>/cart.html</arg>
<doc>Verifies that the current URL contains ``expected``.</doc>
<status status="PASS" start="2025-08-21T12:09:10.629604" elapsed="0.006278"/>
</kw>
<kw name="Capture Page Screenshot" owner="SeleniumLibrary" type="TEARDOWN">
<msg time="2025-08-21T12:09:10.725788" level="INFO" html="true">&lt;/td&gt;&lt;/tr&gt;&lt;tr&gt;&lt;td colspan="3"&gt;&lt;a href="selenium-screenshot-102.png"&gt;&lt;img src="selenium-screenshot-102.png" width="800px"&gt;&lt;/a&gt;</msg>
<doc>Takes a screenshot of the current page and embeds it into a log file.</doc>
<status status="PASS" start="2025-08-21T12:09:10.636437" elapsed="0.089514"/>
</kw>
<doc>Clicking cart icon should navigate to cart page</doc>
<status status="PASS" start="2025-08-21T12:09:10.455588" elapsed="0.270704"/>
</test>
<kw name="Close Browser" owner="SeleniumLibrary" type="TEARDOWN">
<doc>Closes the current browser.</doc>
<status status="PASS" start="2025-08-21T12:09:10.727722" elapsed="2.192877"/>
</kw>
<status status="PASS" start="2025-08-21T12:09:02.124895" elapsed="10.795888"/>
</suite>
<statistics>
<total>
<stat pass="6" fail="0" skip="0">All Tests</stat>
</total>
<tag>
</tag>
<suite>
<stat name="Product Page Tests" id="s1" pass="6" fail="0" skip="0">Product Page Tests</stat>
</suite>
</statistics>
<errors>
</errors>
</robot>
